This is pdfTeX, Version 3.1415926-2.5-1.40.14 (MiKTeX 2.9 64-bit) (preloaded format=pdflatex 2014.9.16)  13 JUL 2017 17:42
entering extended mode
**C:/Users/tdelaubenf3/Documents/[*thesis*]/[*versions*]/07-13/thesis.tex
("C:/Users/tdelaubenf3/Documents/[ thesis ]/[ versions ]/07-13/thesis.tex"
LaTeX2e <2011/06/27>
Babel <v3.8m> and hyphenation patterns for english, afrikaans, ancientgreek, ar
abic, armenian, assamese, basque, bengali, bokmal, bulgarian, catalan, coptic, 
croatian, czech, danish, dutch, esperanto, estonian, farsi, finnish, french, ga
lician, german, german-x-2013-05-26, greek, gujarati, hindi, hungarian, iceland
ic, indonesian, interlingua, irish, italian, kannada, kurmanji, latin, latvian,
 lithuanian, malayalam, marathi, mongolian, mongolianlmc, monogreek, ngerman, n
german-x-2013-05-26, nynorsk, oriya, panjabi, pinyin, polish, portuguese, roman
ian, russian, sanskrit, serbian, slovak, slovenian, spanish, swedish, swissgerm
an, tamil, telugu, turkish, turkmen, ukenglish, ukrainian, uppersorbian, usengl
ishmax, welsh, loaded.
("C:\Program Files\MiKTeX 2.9\tex\latex\base\report.cls"
Document Class: report 2007/10/19 v1.4h Standard LaTeX document class
("C:\Program Files\MiKTeX 2.9\tex\latex\base\size12.clo"
File: size12.clo 2007/10/19 v1.4h Standard LaTeX file (size option)
)
\c@part=\count79
\c@chapter=\count80
\c@section=\count81
\c@subsection=\count82
\c@subsubsection=\count83
\c@paragraph=\count84
\c@subparagraph=\count85
\c@figure=\count86
\c@table=\count87
\abovecaptionskip=\skip41
\belowcaptionskip=\skip42
\bibindent=\dimen102
)
("C:\Program Files\MiKTeX 2.9\tex\latex\graphics\graphicx.sty"
Package: graphicx 1999/02/16 v1.0f Enhanced LaTeX Graphics (DPC,SPQR)

("C:\Program Files\MiKTeX 2.9\tex\latex\graphics\keyval.sty"
Package: keyval 1999/03/16 v1.13 key=value parser (DPC)
\KV@toks@=\toks14
)
("C:\Program Files\MiKTeX 2.9\tex\latex\graphics\graphics.sty"
Package: graphics 2009/02/05 v1.0o Standard LaTeX Graphics (DPC,SPQR)

("C:\Program Files\MiKTeX 2.9\tex\latex\graphics\trig.sty"
Package: trig 1999/03/16 v1.09 sin cos tan (DPC)
)
("C:\Program Files\MiKTeX 2.9\tex\latex\00miktex\graphics.cfg"
File: graphics.cfg 2007/01/18 v1.5 graphics configuration of teTeX/TeXLive
)
Package graphics Info: Driver file: pdftex.def on input line 91.

("C:\Program Files\MiKTeX 2.9\tex\latex\pdftex-def\pdftex.def"
File: pdftex.def 2011/05/27 v0.06d Graphics/color for pdfTeX

("C:\Program Files\MiKTeX 2.9\tex\generic\oberdiek\infwarerr.sty"
Package: infwarerr 2010/04/08 v1.3 Providing info/warning/error messages (HO)
)
("C:\Program Files\MiKTeX 2.9\tex\generic\oberdiek\ltxcmds.sty"
Package: ltxcmds 2011/11/09 v1.22 LaTeX kernel commands for general use (HO)
)
\Gread@gobject=\count88
))
\Gin@req@height=\dimen103
\Gin@req@width=\dimen104
)
("C:\Program Files\MiKTeX 2.9\tex\latex\geometry\geometry.sty"
Package: geometry 2010/09/12 v5.6 Page Geometry

("C:\Program Files\MiKTeX 2.9\tex\generic\oberdiek\ifpdf.sty"
Package: ifpdf 2011/01/30 v2.3 Provides the ifpdf switch (HO)
Package ifpdf Info: pdfTeX in PDF mode is detected.
)
("C:\Program Files\MiKTeX 2.9\tex\generic\oberdiek\ifvtex.sty"
Package: ifvtex 2010/03/01 v1.5 Detect VTeX and its facilities (HO)
Package ifvtex Info: VTeX not detected.
)
("C:\Program Files\MiKTeX 2.9\tex\generic\ifxetex\ifxetex.sty"
Package: ifxetex 2010/09/12 v0.6 Provides ifxetex conditional
)
\Gm@cnth=\count89
\Gm@cntv=\count90
\c@Gm@tempcnt=\count91
\Gm@bindingoffset=\dimen105
\Gm@wd@mp=\dimen106
\Gm@odd@mp=\dimen107
\Gm@even@mp=\dimen108
\Gm@layoutwidth=\dimen109
\Gm@layoutheight=\dimen110
\Gm@layouthoffset=\dimen111
\Gm@layoutvoffset=\dimen112
\Gm@dimlist=\toks15

("C:\Program Files\MiKTeX 2.9\tex\latex\geometry\geometry.cfg"))
("C:\Program Files\MiKTeX 2.9\tex\latex\setspace\setspace.sty"
Package: setspace 2011/12/19 v6.7a set line spacing
)
("C:\Program Files\MiKTeX 2.9\tex\latex\psnfss\times.sty"
Package: times 2005/04/12 PSNFSS-v9.2a (SPQR) 
)
("C:\Program Files\MiKTeX 2.9\tex\latex\titlesec\titlesec.sty"
Package: titlesec 2016/03/21 v2.10.2 Sectioning titles
\ttl@box=\box26
\beforetitleunit=\skip43
\aftertitleunit=\skip44
\ttl@plus=\dimen113
\ttl@minus=\dimen114
\ttl@toksa=\toks16
\titlewidth=\dimen115
\titlewidthlast=\dimen116
\titlewidthfirst=\dimen117
)
("C:\Program Files\MiKTeX 2.9\tex\latex\tocloft\tocloft.sty"
Package: tocloft 2013/05/02 v2.3f parameterised ToC, etc., typesetting
Package tocloft Info: The document has chapter divisions on input line 44.
\cftparskip=\skip45
\cftbeforetoctitleskip=\skip46
\cftaftertoctitleskip=\skip47
\cftbeforepartskip=\skip48
\cftpartnumwidth=\skip49
\cftpartindent=\skip50
\cftbeforechapskip=\skip51
\cftchapindent=\skip52
\cftchapnumwidth=\skip53
\cftbeforesecskip=\skip54
\cftsecindent=\skip55
\cftsecnumwidth=\skip56
\cftbeforesubsecskip=\skip57
\cftsubsecindent=\skip58
\cftsubsecnumwidth=\skip59
\cftbeforesubsubsecskip=\skip60
\cftsubsubsecindent=\skip61
\cftsubsubsecnumwidth=\skip62
\cftbeforeparaskip=\skip63
\cftparaindent=\skip64
\cftparanumwidth=\skip65
\cftbeforesubparaskip=\skip66
\cftsubparaindent=\skip67
\cftsubparanumwidth=\skip68
\cftbeforeloftitleskip=\skip69
\cftafterloftitleskip=\skip70
\cftbeforefigskip=\skip71
\cftfigindent=\skip72
\cftfignumwidth=\skip73
\c@lofdepth=\count92
\c@lotdepth=\count93
\cftbeforelottitleskip=\skip74
\cftafterlottitleskip=\skip75
\cftbeforetabskip=\skip76
\cfttabindent=\skip77
\cfttabnumwidth=\skip78
)
("C:\Program Files\MiKTeX 2.9\tex\latex\biblatex\biblatex.sty"
Package: biblatex 2016/12/05 v3.7 programmable bibliographies (PK/JW/AB)

("C:\Program Files\MiKTeX 2.9\tex\generic\oberdiek\pdftexcmds.sty"
Package: pdftexcmds 2011/11/29 v0.20 Utility functions of pdfTeX for LuaTeX (HO
)

("C:\Program Files\MiKTeX 2.9\tex\generic\oberdiek\ifluatex.sty"
Package: ifluatex 2010/03/01 v1.3 Provides the ifluatex switch (HO)
Package ifluatex Info: LuaTeX not detected.
)
Package pdftexcmds Info: LuaTeX not detected.
Package pdftexcmds Info: \pdf@primitive is available.
Package pdftexcmds Info: \pdf@ifprimitive is available.
Package pdftexcmds Info: \pdfdraftmode found.
)
("C:\Program Files\MiKTeX 2.9\tex\latex\etoolbox\etoolbox.sty"
Package: etoolbox 2017/01/02 v2.4 e-TeX tools for LaTeX (JAW)

("C:\Program Files\MiKTeX 2.9\tex\latex\misc\etex.sty"
Package: etex 1998/03/26 v2.0 eTeX basic definition package (PEB)
\et@xins=\count94
)
\etb@tempcnta=\count95
)
("C:\Program Files\MiKTeX 2.9\tex\latex\oberdiek\kvoptions.sty"
Package: kvoptions 2011/06/30 v3.11 Key value format for package options (HO)

("C:\Program Files\MiKTeX 2.9\tex\generic\oberdiek\kvsetkeys.sty"
Package: kvsetkeys 2012/04/25 v1.16 Key value parser (HO)

("C:\Program Files\MiKTeX 2.9\tex\generic\oberdiek\etexcmds.sty"
Package: etexcmds 2011/02/16 v1.5 Avoid name clashes with e-TeX commands (HO)
Package etexcmds Info: Could not find \expanded.
(etexcmds)             That can mean that you are not using pdfTeX 1.50 or
(etexcmds)             that some package has redefined \expanded.
(etexcmds)             In the latter case, load this package earlier.
)))
("C:\Program Files\MiKTeX 2.9\tex\latex\logreq\logreq.sty"
Package: logreq 2010/08/04 v1.0 xml request logger
\lrq@indent=\count96

("C:\Program Files\MiKTeX 2.9\tex\latex\logreq\logreq.def"
File: logreq.def 2010/08/04 v1.0 logreq spec v1.0
))
("C:\Program Files\MiKTeX 2.9\tex\latex\base\ifthen.sty"
Package: ifthen 2001/05/26 v1.1c Standard LaTeX ifthen package (DPC)
)
("C:\Program Files\MiKTeX 2.9\tex\latex\url\url.sty"
\Urlmuskip=\muskip10
Package: url 2013/09/16  ver 3.4  Verb mode for urls, etc.
)
("C:\Program Files\MiKTeX 2.9\tex\latex\xstring\xstring.sty"
("C:\Program Files\MiKTeX 2.9\tex\generic\xstring\xstring.tex"
\@xs@message=\write3
\integerpart=\count97
\decimalpart=\count98
)
Package: xstring 2013/10/13  v1.7c  String manipulations (C Tellechea)
)
\c@tabx@nest=\count99
\c@listtotal=\count100
\c@listcount=\count101
\c@liststart=\count102
\c@liststop=\count103
\c@citecount=\count104
\c@citetotal=\count105
\c@multicitecount=\count106
\c@multicitetotal=\count107
\c@instcount=\count108
\c@maxnames=\count109
\c@minnames=\count110
\c@maxitems=\count111
\c@minitems=\count112
\c@citecounter=\count113
\c@savedcitecounter=\count114
\c@uniquelist=\count115
\c@uniquename=\count116
\c@refsection=\count117
\c@refsegment=\count118
\c@maxextratitle=\count119
\c@maxextratitleyear=\count120
\c@maxextrayear=\count121
\c@maxextraalpha=\count122
\c@abbrvpenalty=\count123
\c@highnamepenalty=\count124
\c@lownamepenalty=\count125
\c@maxparens=\count126
\c@parenlevel=\count127
\blx@tempcnta=\count128
\blx@tempcntb=\count129
\blx@tempcntc=\count130
\blx@maxsection=\count131
\blx@maxsegment@0=\count132
\blx@notetype=\count133
\blx@parenlevel@text=\count134
\blx@parenlevel@foot=\count135
\blx@sectionciteorder@0=\count136
\labelnumberwidth=\skip79
\labelalphawidth=\skip80
\biblabelsep=\skip81
\bibitemsep=\skip82
\bibnamesep=\skip83
\bibinitsep=\skip84
\bibparsep=\skip85
\bibhang=\skip86
\blx@bcfin=\read1
\blx@bcfout=\write4
\c@mincomprange=\count137
\c@maxcomprange=\count138
\c@mincompwidth=\count139
Package biblatex Info: Trying to load biblatex default data model...
Package biblatex Info: ... file 'blx-dm.def' found.

("C:\Program Files\MiKTeX 2.9\tex\latex\biblatex\blx-dm.def")
Package biblatex Info: Trying to load biblatex bibstyle data model...
Package biblatex Info: ... file 'ieee.dbx' not found.
Package biblatex Info: Trying to load biblatex custom data model...
Package biblatex Info: ... file 'biblatex-dm.cfg' not found.
\c@afterword=\count140
\c@savedafterword=\count141
\c@annotator=\count142
\c@savedannotator=\count143
\c@author=\count144
\c@savedauthor=\count145
\c@bookauthor=\count146
\c@savedbookauthor=\count147
\c@commentator=\count148
\c@savedcommentator=\count149
\c@editor=\count150
\c@savededitor=\count151
\c@editora=\count152
\c@savededitora=\count153
\c@editorb=\count154
\c@savededitorb=\count155
\c@editorc=\count156
\c@savededitorc=\count157
\c@foreword=\count158
\c@savedforeword=\count159
\c@holder=\count160
\c@savedholder=\count161
\c@introduction=\count162
\c@savedintroduction=\count163
\c@namea=\count164
\c@savednamea=\count165
\c@nameb=\count166
\c@savednameb=\count167
\c@namec=\count168
\c@savednamec=\count169
\c@translator=\count170
\c@savedtranslator=\count171
\c@shortauthor=\count172
\c@savedshortauthor=\count173
\c@shorteditor=\count174
\c@savedshorteditor=\count175
\c@labelname=\count176
\c@savedlabelname=\count177
\c@institution=\count178
\c@savedinstitution=\count179
\c@lista=\count180
\c@savedlista=\count181
\c@listb=\count182
\c@savedlistb=\count183
\c@listc=\count184
\c@savedlistc=\count185
\c@listd=\count186
\c@savedlistd=\count187
\c@liste=\count188
\c@savedliste=\count189
\c@listf=\count190
\c@savedlistf=\count191
\c@location=\count192
\c@savedlocation=\count193
\c@organization=\count194
\c@savedorganization=\count195
\c@origlocation=\count196
\c@savedoriglocation=\count197
\c@origpublisher=\count198
\c@savedorigpublisher=\count199
\c@publisher=\count200
\c@savedpublisher=\count201
\c@language=\count202
\c@savedlanguage=\count203
\c@pageref=\count204
\c@savedpageref=\count205
\shorthandwidth=\skip87
\shortjournalwidth=\skip88
\shortserieswidth=\skip89
\shorttitlewidth=\skip90
\shortauthorwidth=\skip91
\shorteditorwidth=\skip92
Package biblatex Info: Trying to load compatibility code...
Package biblatex Info: ... file 'blx-compat.def' found.

("C:\Program Files\MiKTeX 2.9\tex\latex\biblatex\blx-compat.def"
File: blx-compat.def 2016/12/05 v3.7 biblatex compatibility (PK/JW/AB)
)
Package biblatex Info: Trying to load BibTeX backend compatibility...
Package biblatex Info: ... file 'blx-bibtex.def' found.

("C:\Program Files\MiKTeX 2.9\tex\latex\biblatex\blx-bibtex.def"
File: blx-bibtex.def 2016/12/05 v3.7 biblatex compatibility (PK/JW/AB)


Package biblatex Warning: Using fall-back BibTeX(8) backend:
(biblatex)                functionality may be reduced/unavailable.

)
Package biblatex Info: Trying to load generic definitions...
Package biblatex Info: ... file 'biblatex.def' found.
 ("C:\Program Files\MiKTeX 2.9\tex\latex\biblatex\biblatex.def"
File: biblatex.def 2016/12/05 v3.7 biblatex compatibility (PK/JW/AB)
\c@textcitecount=\count206
\c@textcitetotal=\count207
\c@textcitemaxnames=\count208
\c@biburlnumpenalty=\count209
\c@biburlucpenalty=\count210
\c@biburllcpenalty=\count211
\c@smartand=\count212
)
Package biblatex Info: Trying to load bibliography style 'ieee'...
Package biblatex Info: ... file 'ieee.bbx' found.

("C:\Program Files\MiKTeX 2.9\tex\latex\biblatex-ieee\ieee.bbx"
File: ieee.bbx 2017/03/02 v1.2a biblatex bibliography style
Package biblatex Info: Trying to load bibliography style 'numeric-comp'...
Package biblatex Info: ... file 'numeric-comp.bbx' found.

("C:\Program Files\MiKTeX 2.9\tex\latex\biblatex\bbx\numeric-comp.bbx"
File: numeric-comp.bbx 2016/12/05 v3.7 biblatex bibliography style (PK/JW/AB)
Package biblatex Info: Trying to load bibliography style 'numeric'...
Package biblatex Info: ... file 'numeric.bbx' found.

("C:\Program Files\MiKTeX 2.9\tex\latex\biblatex\bbx\numeric.bbx"
File: numeric.bbx 2016/12/05 v3.7 biblatex bibliography style (PK/JW/AB)
Package biblatex Info: Trying to load bibliography style 'standard'...
Package biblatex Info: ... file 'standard.bbx' found.

("C:\Program Files\MiKTeX 2.9\tex\latex\biblatex\bbx\standard.bbx"
File: standard.bbx 2016/12/05 v3.7 biblatex bibliography style (PK/JW/AB)
\c@bbx:relatedcount=\count213
\c@bbx:relatedtotal=\count214
))))
Package biblatex Info: Trying to load citation style 'numeric'...
Package biblatex Info: ... file 'numeric.cbx' found.

("C:\Program Files\MiKTeX 2.9\tex\latex\biblatex\cbx\numeric.cbx"
File: numeric.cbx 2016/12/05 v3.7 biblatex citation style (PK/JW/AB)
Package biblatex Info: Redefining '\cite'.
Package biblatex Info: Redefining '\parencite'.
Package biblatex Info: Redefining '\footcite'.
Package biblatex Info: Redefining '\footcitetext'.
Package biblatex Info: Redefining '\smartcite'.
Package biblatex Info: Redefining '\supercite'.
Package biblatex Info: Redefining '\textcite'.
Package biblatex Info: Redefining '\textcites'.
Package biblatex Info: Redefining '\cites'.
Package biblatex Info: Redefining '\parencites'.
Package biblatex Info: Redefining '\smartcites'.
)
Package biblatex Info: Trying to load configuration file...
Package biblatex Info: ... file 'biblatex.cfg' found.

("C:\Program Files\MiKTeX 2.9\tex\latex\biblatex\biblatex.cfg"
File: biblatex.cfg 
))
("C:\Program Files\MiKTeX 2.9\tex\latex\hyperref\hyperref.sty"
Package: hyperref 2012/11/06 v6.83m Hypertext links for LaTeX

("C:\Program Files\MiKTeX 2.9\tex\generic\oberdiek\hobsub-hyperref.sty"
Package: hobsub-hyperref 2012/04/25 v1.12 Bundle oberdiek, subset hyperref (HO)


("C:\Program Files\MiKTeX 2.9\tex\generic\oberdiek\hobsub-generic.sty"
Package: hobsub-generic 2012/04/25 v1.12 Bundle oberdiek, subset generic (HO)
Package: hobsub 2012/04/25 v1.12 Construct package bundles (HO)
Package hobsub Info: Skipping package `infwarerr' (already loaded).
Package hobsub Info: Skipping package `ltxcmds' (already loaded).
Package hobsub Info: Skipping package `ifluatex' (already loaded).
Package hobsub Info: Skipping package `ifvtex' (already loaded).
Package: intcalc 2007/09/27 v1.1 Expandable calculations with integers (HO)
Package hobsub Info: Skipping package `ifpdf' (already loaded).
Package hobsub Info: Skipping package `etexcmds' (already loaded).
Package hobsub Info: Skipping package `kvsetkeys' (already loaded).
Package: kvdefinekeys 2011/04/07 v1.3 Define keys (HO)
Package hobsub Info: Skipping package `pdftexcmds' (already loaded).
Package: pdfescape 2011/11/25 v1.13 Implements pdfTeX's escape features (HO)
Package: bigintcalc 2012/04/08 v1.3 Expandable calculations on big integers (HO
)
Package: bitset 2011/01/30 v1.1 Handle bit-vector datatype (HO)
Package: uniquecounter 2011/01/30 v1.2 Provide unlimited unique counter (HO)
)
Package hobsub Info: Skipping package `hobsub' (already loaded).
Package: letltxmacro 2010/09/02 v1.4 Let assignment for LaTeX macros (HO)
Package: hopatch 2011/06/24 v1.1 Wrapper for package hooks (HO)
Package: xcolor-patch 2011/01/30 xcolor patch
Package: atveryend 2011/06/30 v1.8 Hooks at the very end of document (HO)
Package: atbegshi 2011/10/05 v1.16 At begin shipout hook (HO)
Package: refcount 2011/10/16 v3.4 Data extraction from label references (HO)
Package: hycolor 2011/01/30 v1.7 Color options for hyperref/bookmark (HO)
)
("C:\Program Files\MiKTeX 2.9\tex\latex\oberdiek\auxhook.sty"
Package: auxhook 2011/03/04 v1.3 Hooks for auxiliary files (HO)
)
\@linkdim=\dimen118
\Hy@linkcounter=\count215
\Hy@pagecounter=\count216

("C:\Program Files\MiKTeX 2.9\tex\latex\hyperref\pd1enc.def"
File: pd1enc.def 2012/11/06 v6.83m Hyperref: PDFDocEncoding definition (HO)
)
\Hy@SavedSpaceFactor=\count217

("C:\Program Files\MiKTeX 2.9\tex\latex\00miktex\hyperref.cfg"
File: hyperref.cfg 2002/06/06 v1.2 hyperref configuration of TeXLive
)
Package hyperref Info: Option `bookmarks' set `true' on input line 4319.
Package hyperref Info: Hyper figures OFF on input line 4443.
Package hyperref Info: Link nesting OFF on input line 4448.
Package hyperref Info: Hyper index ON on input line 4451.
Package hyperref Info: Plain pages OFF on input line 4458.
Package hyperref Info: Backreferencing OFF on input line 4463.
Package hyperref Info: Implicit mode ON; LaTeX internals redefined.
Package hyperref Info: Bookmarks ON on input line 4688.
\c@Hy@tempcnt=\count218
LaTeX Info: Redefining \url on input line 5041.
\XeTeXLinkMargin=\dimen119
\Fld@menulength=\count219
\Field@Width=\dimen120
\Fld@charsize=\dimen121
Package hyperref Info: Hyper figures OFF on input line 6295.
Package hyperref Info: Link nesting OFF on input line 6300.
Package hyperref Info: Hyper index ON on input line 6303.
Package hyperref Info: backreferencing OFF on input line 6310.
Package hyperref Info: Link coloring OFF on input line 6315.
Package hyperref Info: Link coloring with OCG OFF on input line 6320.
Package hyperref Info: PDF/A mode OFF on input line 6325.
LaTeX Info: Redefining \ref on input line 6365.
LaTeX Info: Redefining \pageref on input line 6369.
\Hy@abspage=\count220
\c@Item=\count221
\c@Hfootnote=\count222
)

Package hyperref Message: Driver (autodetected): hpdftex.

("C:\Program Files\MiKTeX 2.9\tex\latex\hyperref\hpdftex.def"
File: hpdftex.def 2012/11/06 v6.83m Hyperref driver for pdfTeX
\Fld@listcount=\count223
\c@bookmark@seq@number=\count224


! LaTeX Error: \pdfbookmark undefined.

See the LaTeX manual or LaTeX Companion for explanation.
Type  H <return>  for immediate help.
 ...                                              
                                                  
l.1857 \renewcommand\pdfbookmark
                                [3][0]{%
? 
("C:\Program Files\MiKTeX 2.9\tex\latex\oberdiek\rerunfilecheck.sty"
Package: rerunfilecheck 2011/04/15 v1.7 Rerun checks for auxiliary files (HO)
Package uniquecounter Info: New unique counter `rerunfilecheck' on input line 2
82.
)
\Hy@SectionHShift=\skip93
)
("C:\Program Files\MiKTeX 2.9\tex\latex\appendix\appendix.sty"
Package: appendix 2009/09/02 v1.2b extra appendix facilities
\c@@pps=\count225
\c@@ppsavesec=\count226
\c@@ppsaveapp=\count227
)
("C:\Program Files\MiKTeX 2.9\tex\latex\rotating\rotating.sty"
Package: rotating 2009/03/28 v2.16a rotated objects in LaTeX
\c@r@tfl@t=\count228
\rotFPtop=\skip94
\rotFPbot=\skip95
\rot@float@box=\box27
\rot@mess@toks=\toks17
)
("C:\Program Files\MiKTeX 2.9\tex\latex\ulem\ulem.sty"
\UL@box=\box28
\UL@hyphenbox=\box29
\UL@skip=\skip96
\UL@hook=\toks18
\UL@height=\dimen122
\UL@pe=\count229
\UL@pixel=\dimen123
\ULC@box=\box30
Package: ulem 2012/05/18
\ULdepth=\dimen124
)
("C:\Program Files\MiKTeX 2.9\tex\latex\amsfonts\amssymb.sty"
Package: amssymb 2013/01/14 v3.01 AMS font symbols

("C:\Program Files\MiKTeX 2.9\tex\latex\amsfonts\amsfonts.sty"
Package: amsfonts 2013/01/14 v3.01 Basic AMSFonts support
\@emptytoks=\toks19
\symAMSa=\mathgroup4
\symAMSb=\mathgroup5
LaTeX Font Info:    Overwriting math alphabet `\mathfrak' in version `bold'
(Font)                  U/euf/m/n --> U/euf/b/n on input line 106.
))
("C:\Program Files\MiKTeX 2.9\tex\latex\amsmath\amsmath.sty"
Package: amsmath 2013/01/14 v2.14 AMS math features
\@mathmargin=\skip97

For additional information on amsmath, use the `?' option.
("C:\Program Files\MiKTeX 2.9\tex\latex\amsmath\amstext.sty"
Package: amstext 2000/06/29 v2.01

("C:\Program Files\MiKTeX 2.9\tex\latex\amsmath\amsgen.sty"
File: amsgen.sty 1999/11/30 v2.0
\@emptytoks=\toks20
\ex@=\dimen125
))
("C:\Program Files\MiKTeX 2.9\tex\latex\amsmath\amsbsy.sty"
Package: amsbsy 1999/11/29 v1.2d
\pmbraise@=\dimen126
)
("C:\Program Files\MiKTeX 2.9\tex\latex\amsmath\amsopn.sty"
Package: amsopn 1999/12/14 v2.01 operator names
)
\inf@bad=\count230
LaTeX Info: Redefining \frac on input line 210.
\uproot@=\count231
\leftroot@=\count232
LaTeX Info: Redefining \overline on input line 306.
\classnum@=\count233
Normal \count register pool exhausted, switching to extended pool.
\DOTSCASE@=\count277
LaTeX Info: Redefining \ldots on input line 378.
LaTeX Info: Redefining \dots on input line 381.
LaTeX Info: Redefining \cdots on input line 466.
\Mathstrutbox@=\box31
\strutbox@=\box32
\big@size=\dimen127
LaTeX Font Info:    Redeclaring font encoding OML on input line 566.
LaTeX Font Info:    Redeclaring font encoding OMS on input line 567.
\macc@depth=\count278
\c@MaxMatrixCols=\count279
\dotsspace@=\muskip11
\c@parentequation=\count280
\dspbrk@lvl=\count281
\tag@help=\toks21
\row@=\count282
\column@=\count283
\maxfields@=\count284
\andhelp@=\toks22
\eqnshift@=\dimen128
\alignsep@=\dimen129
\tagshift@=\dimen130
\tagwidth@=\dimen131
\totwidth@=\dimen132
\lineht@=\dimen133
\@envbody=\toks23
\multlinegap=\skip98
\multlinetaggap=\skip99
\mathdisplay@stack=\toks24
LaTeX Info: Redefining \[ on input line 2665.
LaTeX Info: Redefining \] on input line 2666.
)
("C:\Program Files\MiKTeX 2.9\tex\latex\tools\bm.sty"
Package: bm 2004/02/26 v1.1c Bold Symbol Support (DPC/FMi)
\symboldoperators=\mathgroup6
\symboldletters=\mathgroup7
\symboldsymbols=\mathgroup8
LaTeX Font Info:    Redeclaring math alphabet \mathbf on input line 138.
LaTeX Info: Redefining \bm on input line 204.
)

! LaTeX Error: File `mathtools.sty' not found.

Type X to quit or <RETURN> to proceed,
or enter new name. (Default extension: sty)

Enter file name: 
Package biblatex Info: Trying to load language 'english'...
Package biblatex Info: ... file 'english.lbx' found.
("C:\Program Files\MiKTeX 2.9\tex\latex\biblatex\lbx\english.lbx"
File: english.lbx 2016/12/05 v3.7 biblatex localization (PK/JW/AB)
)
\@quotelevel=\count285
\@quotereset=\count286


LaTeX Warning: Unused global option(s):
    [amsmath].

("C:\Users\tdelaubenf3\Documents\[ thesis ]\[ versions ]\07-13\thesis.aux")
LaTeX Font Info:    Checking defaults for OML/cmm/m/it on input line 62.
LaTeX Font Info:    ... okay on input line 62.
LaTeX Font Info:    Checking defaults for T1/cmr/m/n on input line 62.
LaTeX Font Info:    ... okay on input line 62.
LaTeX Font Info:    Checking defaults for OT1/cmr/m/n on input line 62.
LaTeX Font Info:    ... okay on input line 62.
LaTeX Font Info:    Checking defaults for OMS/cmsy/m/n on input line 62.
LaTeX Font Info:    ... okay on input line 62.
LaTeX Font Info:    Checking defaults for OMX/cmex/m/n on input line 62.
LaTeX Font Info:    ... okay on input line 62.
LaTeX Font Info:    Checking defaults for U/cmr/m/n on input line 62.
LaTeX Font Info:    ... okay on input line 62.
LaTeX Font Info:    Checking defaults for PD1/pdf/m/n on input line 62.
LaTeX Font Info:    ... okay on input line 62.
LaTeX Font Info:    Try loading font information for OT1+ptm on input line 62.

("C:\Program Files\MiKTeX 2.9\tex\latex\psnfss\ot1ptm.fd"
File: ot1ptm.fd 2001/06/04 font definitions for OT1/ptm.
)
("C:\Program Files\MiKTeX 2.9\tex\context\base\supp-pdf.mkii"
[Loading MPS to PDF converter (version 2006.09.02).]
\scratchcounter=\count287
\scratchdimen=\dimen134
\scratchbox=\box33
\nofMPsegments=\count288
\nofMParguments=\count289
\everyMPshowfont=\toks25
\MPscratchCnt=\count290
\MPscratchDim=\dimen135
\MPnumerator=\count291
\makeMPintoPDFobject=\count292
\everyMPtoPDFconversion=\toks26
)
*geometry* driver: auto-detecting
*geometry* detected driver: pdftex
*geometry* verbose mode - [ preamble ] result:
* driver: pdftex
* paper: letterpaper
* layout: <same size as paper>
* layoutoffset:(h,v)=(0.0pt,0.0pt)
* modes: 
* h-part:(L,W,R)=(108.405pt, 433.62001pt, 72.26999pt)
* v-part:(T,H,B)=(72.26999pt, 650.43001pt, 72.26999pt)
* \paperwidth=614.295pt
* \paperheight=794.96999pt
* \textwidth=433.62001pt
* \textheight=650.43001pt
* \oddsidemargin=36.13501pt
* \evensidemargin=36.13501pt
* \topmargin=-37.0pt
* \headheight=12.0pt
* \headsep=25.0pt
* \topskip=12.0pt
* \footskip=30.0pt
* \marginparwidth=44.0pt
* \marginparsep=10.0pt
* \columnsep=10.0pt
* \skip\footins=10.8pt plus 4.0pt minus 2.0pt
* \hoffset=0.0pt
* \voffset=0.0pt
* \mag=1000
* \@twocolumnfalse
* \@twosidefalse
* \@mparswitchfalse
* \@reversemarginfalse
* (1in=72.27pt=25.4mm, 1cm=28.453pt)

Package biblatex Info: No input encoding detected.
(biblatex)             Assuming 'ascii'.
Package biblatex Info: Automatic encoding selection.
(biblatex)             Assuming data encoding 'ascii'.
Package biblatex Info: Input encoding 'ascii' specified.
Package biblatex Info: Data encoding 'ascii' specified.
(biblatex)             No need to reencode data.
Package biblatex Info: Trying to load bibliographic data...
Package biblatex Info: ... file 'thesis.bbl' found.
("C:\Users\tdelaubenf3\Documents\[ thesis ]\[ versions ]\07-13\thesis.bbl"

Package biblatex Warning: Biber reported the following issues
(biblatex)                with 'Wu97.PRL.78.3086':
(biblatex)                - Invalid format of field 'month'.


Package biblatex Warning: Biber reported the following issues
(biblatex)                with 'PhysRevA.49.1202':
(biblatex)                - Invalid format of field 'month'.


Package biblatex Warning: Biber reported the following issues
(biblatex)                with 'PhysRevLett.76.1796':
(biblatex)                - Invalid format of field 'month'.


Package biblatex Warning: Biber reported the following issues
(biblatex)                with 'Cirac95.PRL.74.4091':
(biblatex)                - Invalid format of field 'month'.


Package biblatex Warning: Biber reported the following issues
(biblatex)                with 'Sorensen00.PRA.62.022311':
(biblatex)                - Invalid format of field 'month'.


Package biblatex Warning: Biber reported the following issues
(biblatex)                with 'Diedrich89.PRL.62.403':
(biblatex)                - Invalid format of field 'month'.


Package biblatex Warning: Biber reported the following issues
(biblatex)                with 'Turchette.PRA.61.063418':
(biblatex)                - Invalid format of field 'month'.


Package biblatex Warning: Biber reported the following issues
(biblatex)                with 'Shu14.PRA.89.062308':
(biblatex)                - Invalid format of field 'month'.


Package biblatex Warning: Biber reported the following issues
(biblatex)                with 'Wan15.PRA.91.043425':
(biblatex)                - Invalid format of field 'month'.


Package biblatex Warning: Biber reported the following issues
(biblatex)                with 'Cirac92.PRA.46.2668':
(biblatex)                - Invalid format of field 'month'.


Package biblatex Warning: Biber reported the following issues
(biblatex)                with 'Zhang12.PRA.85.053420':
(biblatex)                - Invalid format of field 'month'.


Package biblatex Warning: Biber reported the following issues
(biblatex)                with 'Leibrandt09.PRL.103.103001':
(biblatex)                - Invalid format of field 'month'.


Package biblatex Warning: Biber reported the following issues
(biblatex)                with 'Steiner13.PRL.110.043003':
(biblatex)                - Invalid format of field 'month'.


Package biblatex Warning: Biber reported the following issues
(biblatex)                with 'PhysRevLett.89.103001':
(biblatex)                - Invalid format of field 'month'.

! Illegal parameter number in definition of \abx@field@abstract.
<to be read again> 
                   I
l.1432   \endentry
                  
? 
! Illegal parameter number in definition of \abx@field@abstract.
<to be read again> 
                    
l.1432   \endentry
                  
? 

Package biblatex Warning: Biber reported the following issues
(biblatex)                with 'Clark14.PRAppl.1.024004':
(biblatex)                - Invalid format of field 'month'.


Package biblatex Warning: Biber reported the following issues
(biblatex)                with 'OpticalClocks':
(biblatex)                - Invalid format of field 'month'.


Package biblatex Warning: Biber reported the following issues
(biblatex)                with 'BorregaardSorensen':
(biblatex)                - Invalid format of field 'month'.


Package biblatex Warning: Biber reported the following issues
(biblatex)                with 'Leibfried03.RMP.75.281':
(biblatex)                - Invalid format of field 'month'.


Package biblatex Warning: Biber reported the following issues
(biblatex)                with 'Blatt2012':
(biblatex)                - Invalid format of field 'month'.


Package biblatex Warning: Biber reported the following issues
(biblatex)                with 'RevModPhys.87.637':
(biblatex)                - Invalid format of field 'month'.


Package biblatex Warning: Biber reported the following issues
(biblatex)                with 'PhysRevA.20.1521':
(biblatex)                - Invalid format of field 'month'.


Package biblatex Warning: Biber reported the following issues
(biblatex)                with 'Gulde2001':
(biblatex)                - Invalid format of field 'month'.


Package biblatex Warning: Biber reported the following issues
(biblatex)                with 'PhysRevLett.96.253003':
(biblatex)                - Invalid format of field 'month'.


Package biblatex Warning: Biber reported the following issues
(biblatex)                with 'PhysRevA.76.033411':
(biblatex)                - Invalid format of field 'month'.


Package biblatex Warning: Biber reported the following issues
(biblatex)                with 'StandingWave':
(biblatex)                - Invalid format of field 'month'.


Package biblatex Warning: Biber reported the following issues
(biblatex)                with '5570702':
(biblatex)                - Invalid format of field 'month'.


Package biblatex Warning: Biber reported the following issues
(biblatex)                with 'Allan':
(biblatex)                - Invalid format of field 'month'.


Package biblatex Warning: Biber reported the following issues
(biblatex)                with 'Itano1993':
(biblatex)                - Invalid format of field 'month'.


Package biblatex Warning: Biber reported the following issues
(biblatex)                with 'BSsup':
(biblatex)                - Invalid format of field 'month'.


Package biblatex Warning: Biber reported the following issues
(biblatex)                with 'StableLaser1':
(biblatex)                - Invalid format of field 'month'.


Package biblatex Warning: Biber reported the following issues
(biblatex)                with '6174186':
(biblatex)                - Invalid format of field 'month'.

Runaway argument?
{{{hash=MJJ}{family={McFerran}, familyi={M\bibinitperiod }, given={J.\ETC.
! Paragraph ended before \name was complete.
<to be read again> 
                   \par 
l.3756 
       
? 

Package biblatex Warning: Biber reported the following issues
(biblatex)                with 'KesslerT.2012':
(biblatex)                - Invalid format of field 'month'.


Package biblatex Warning: Biber reported the following issues
(biblatex)                with 'Y.2011':
(biblatex)                - Invalid format of field 'month'.


Package biblatex Warning: Biber reported the following issues
(biblatex)                with 'PhysRevA.79.053829':
(biblatex)                - Invalid format of field 'month'.


Package biblatex Warning: Biber reported the following issues
(biblatex)                with 'Ludlow:07':
(biblatex)                - Invalid format of field 'month'.


Package biblatex Warning: Biber reported the following issues
(biblatex)                with 'PhysRevLett.82.3799':
(biblatex)                - Invalid format of field 'month'.


Package biblatex Warning: Biber reported the following issues
(biblatex)                with 'R.2008':
(biblatex)                - Invalid format of field 'month'.


Package biblatex Warning: Biber reported the following issues
(biblatex)                with 'RevModPhys.78.1297':
(biblatex)                - Invalid format of field 'month'.


Package biblatex Warning: Biber reported the following issues
(biblatex)                with 'RevModPhys.78.1279':
(biblatex)                - Invalid format of field 'month'.


Package biblatex Warning: Biber reported the following issues
(biblatex)                with 'RevModPhys.75.325':
(biblatex)                - Invalid format of field 'month'.


Package biblatex Warning: Biber reported the following issues
(biblatex)                with 'Udem:99':
(biblatex)                - Invalid format of field 'month'.


Package biblatex Warning: Biber reported the following issues
(biblatex)                with 'PhysRevLett.88.073601':
(biblatex)                - Invalid format of field 'month'.


Package biblatex Warning: Biber reported the following issues
(biblatex)                with 'PhysRevLett.84.5102':
(biblatex)                - Invalid format of field 'month'.


Package biblatex Warning: Biber reported the following issues
(biblatex)                with 'Kielpinski2002':
(biblatex)                - Invalid format of field 'month'.


Package biblatex Warning: Biber reported the following issues
(biblatex)                with 'TransGateTh':
(biblatex)                - Invalid format of field 'month'.


Package biblatex Warning: Biber reported the following issues
(biblatex)                with 'TransGateExp':
(biblatex)                - Invalid format of field 'month'.


Package biblatex Warning: Biber reported the following issues
(biblatex)                with 'PhysRevA.57.3748':
(biblatex)                - Invalid format of field 'month'.


Package biblatex Warning: Biber reported the following issues
(biblatex)                with 'RevModPhys.75.715':
(biblatex)                - Invalid format of field 'month'.


Package biblatex Warning: Biber reported the following issues
(biblatex)                with 'Ma:94':
(biblatex)                - Invalid format of field 'month'.


Package biblatex Warning: Biber reported the following issues
(biblatex)                with 'PhysRevLett.109.080502':
(biblatex)                - Invalid format of field 'month'.


Package biblatex Warning: Biber reported the following issues
(biblatex)                with 'PhysRevLett.100.200502':
(biblatex)                - Invalid format of field 'month'.


Package biblatex Warning: Biber reported the following issues
(biblatex)                with 'PhysRevA.81.040302':
(biblatex)                - Invalid format of field 'month'.


Package biblatex Warning: Biber reported the following issues
(biblatex)                with 'PhysRevLett.118.073001':
(biblatex)                - Invalid format of field 'month'.

)
Package biblatex Info: Reference section=0 on input line 62.
Package biblatex Info: Reference segment=0 on input line 62.
\AtBeginShipoutBox=\box34
Package hyperref Info: Link coloring OFF on input line 62.
 ("C:\Program Files\MiKTeX 2.9\tex\latex\hyperref\nameref.sty"
Package: nameref 2012/10/27 v2.43 Cross-referencing by name of section

("C:\Program Files\MiKTeX 2.9\tex\generic\oberdiek\gettitlestring.sty"
Package: gettitlestring 2010/12/03 v1.4 Cleanup title references (HO)
)
\c@section@level=\count293
)
LaTeX Info: Redefining \ref on input line 62.
LaTeX Info: Redefining \pageref on input line 62.
LaTeX Info: Redefining \nameref on input line 62.

("C:\Users\tdelaubenf3\Documents\[ thesis ]\[ versions ]\07-13\thesis.out")
("C:\Users\tdelaubenf3\Documents\[ thesis ]\[ versions ]\07-13\thesis.out")
\@outlinefile=\write5

("C:\Users\tdelaubenf3\Documents\[ thesis ]\[ versions ]\07-13\titlePage.tex"
LaTeX Font Info:    Font shape `OT1/ptm/bx/n' in size <12> not available
(Font)              Font shape `OT1/ptm/b/n' tried instead on input line 21.
LaTeX Font Info:    Try loading font information for OMS+ptm on input line 40.

("C:\Program Files\MiKTeX 2.9\tex\latex\psnfss\omsptm.fd"
File: omsptm.fd 
)
LaTeX Font Info:    Font shape `OMS/ptm/m/n' in size <12> not available
(Font)              Font shape `OMS/cmsy/m/n' tried instead on input line 40.
 [1

{C:/ProgramData/MiKTeX/2.9/pdftex/config/pdftex.map}])
("C:\Users\tdelaubenf3\Documents\[ thesis ]\[ versions ]\07-13\approvalPage.tex
"
Underfull \hbox (badness 10000) in paragraph at lines 51--54

 []


Underfull \hbox (badness 10000) in paragraph at lines 55--58

 []


Underfull \hbox (badness 10000) in paragraph at lines 59--62

 []


Underfull \hbox (badness 10000) in paragraph at lines 69--72

 []


Underfull \hbox (badness 10000) in paragraph at lines 87--90

 []

pdfTeX warning (ext4): destination with the same identifier (name{page.1}) has 
been already used, duplicate ignored
<to be read again> 
                   \relax 
l.132 \end{titlepage}
                      [1])
("C:\Users\tdelaubenf3\Documents\[ thesis ]\[ versions ]\07-13\thesis.toc"
LaTeX Font Info:    Try loading font information for U+msa on input line 3.

("C:\Program Files\MiKTeX 2.9\tex\latex\amsfonts\umsa.fd"
File: umsa.fd 2013/01/14 v3.01 AMS symbols A
)
LaTeX Font Info:    Try loading font information for U+msb on input line 3.

("C:\Program Files\MiKTeX 2.9\tex\latex\amsfonts\umsb.fd"
File: umsb.fd 2013/01/14 v3.01 AMS symbols B
) [5

] [6])
\tf@toc=\write6
 [7]
("C:\Users\tdelaubenf3\Documents\[ thesis ]\[ versions ]\07-13\thesis.lot")
\tf@lot=\write7

[8


] ("C:\Users\tdelaubenf3\Documents\[ thesis ]\[ versions ]\07-13\thesis.lof"
Overfull \hbox (7.08543pt too wide) in paragraph at lines 11--11
 [][] [][]\OT1/ptm/m/n/12 Sample spec-troscopy data cen-tered about the $\OMS/c
msy/m/n/12 j\OML/cmm/m/it/12 S[]; m[] \OT1/cmr/m/n/12 = []\OMS/cmsy/m/n/12 i $ 
j\OML/cmm/m/it/12 D[]; m[] \OT1/cmr/m/n/12 =$ 
 []

[9


] [10]
Overfull \hbox (1.11003pt too wide) in paragraph at lines 39--39
 \OT1/ptm/m/n/12 ping po-ten-tials. De-vi-a-tions from the model can be at-trib
uted non-uniformity 
 []

[11] [12])
\tf@lof=\write8
 [13]
("C:\Users\tdelaubenf3\Documents\[ thesis ]\[ versions ]\07-13\summary.tex")
("C:\Users\tdelaubenf3\Documents\[ thesis ]\[ versions ]\07-13\chapter1.tex"pdf
TeX warning (ext4): destination with the same identifier (name{page.1}) has bee
n already used, duplicate ignored
<to be read again> 
                   \relax 
l.1 \chapter
            {Introduction and Background} [1


]
Chapter 1.
[2

]
! Illegal parameter number in definition of \abx@field@abstract.
<to be read again> 
                   I
l.11 ...r10.NJP.9.093035,Clark14.PRAppl.1.024004}.
                                                  
? 
! Illegal parameter number in definition of \abx@field@abstract.
<to be read again> 
                    
l.11 ...r10.NJP.9.093035,Clark14.PRAppl.1.024004}.
                                                  
? 
! Illegal parameter number in definition of \abx@field@abstract.
<to be read again> 
                   I
l.11 ...r10.NJP.9.093035,Clark14.PRAppl.1.024004}.
                                                  
? 
! Illegal parameter number in definition of \abx@field@abstract.
<to be read again> 
                    
l.11 ...r10.NJP.9.093035,Clark14.PRAppl.1.024004}.
                                                  
? 
[3]
! Missing $ inserted.
<inserted text> 
                $
l.17 ... at the time (with offsets around 2 \times
                                                   10^{-8}$) \cite{nistclock...

? 
[4]
! Missing $ inserted.
<inserted text> 
                $
l.19 ...hifts than optical transitions (around 10^
                                                  {14}$ Hz). Maximizing the ...

? 
[5])
Overfull \hbox (2.3094pt too wide) in paragraph at lines 21--198
[]\OT1/ptm/m/n/12 A pro-posal by Bor-re-gaard and Srensen [[]36[]] de-scribes 
how the per-for-mance of a trapped
 []

("C:\Users\tdelaubenf3\Documents\[ thesis ]\[ versions ]\07-13\chapter2.tex"
[6]
Chapter 2.

Package hyperref Warning: Token not allowed in a PDF string (PDFDocEncoding):
(hyperref)                removing `math shift' on input line 1.


Package hyperref Warning: Token not allowed in a PDF string (PDFDocEncoding):
(hyperref)                removing `superscript' on input line 1.


Package hyperref Warning: Token not allowed in a PDF string (PDFDocEncoding):
(hyperref)                removing `math shift' on input line 1.


Package hyperref Warning: Token not allowed in a PDF string (PDFDocEncoding):
(hyperref)                removing `math shift' on input line 1.


Package hyperref Warning: Token not allowed in a PDF string (PDFDocEncoding):
(hyperref)                removing `superscript' on input line 1.


Package hyperref Warning: Token not allowed in a PDF string (PDFDocEncoding):
(hyperref)                removing `math shift' on input line 1.

[7

] [8]

Package hyperref Warning: Token not allowed in a PDF string (PDFDocEncoding):
(hyperref)                removing `math shift' on input line 56.


Package hyperref Warning: Token not allowed in a PDF string (PDFDocEncoding):
(hyperref)                removing `superscript' on input line 56.


Package hyperref Warning: Token not allowed in a PDF string (PDFDocEncoding):
(hyperref)                removing `math shift' on input line 56.


Package hyperref Warning: Token not allowed in a PDF string (PDFDocEncoding):
(hyperref)                removing `math shift' on input line 56.


Package hyperref Warning: Token not allowed in a PDF string (PDFDocEncoding):
(hyperref)                removing `superscript' on input line 56.


Package hyperref Warning: Token not allowed in a PDF string (PDFDocEncoding):
(hyperref)                removing `math shift' on input line 56.

<figures/2/Fig_CaSpec.pdf, id=636, 307.71655pt x 217.37904pt>
File: figures/2/Fig_CaSpec.pdf Graphic file (type pdf)

<use figures/2/Fig_CaSpec.pdf>
Package pdftex.def Info: figures/2/Fig_CaSpec.pdf used on input line 61.
(pdftex.def)             Requested size: 307.71579pt x 217.37851pt.
 [9]
! Missing $ inserted.
<inserted text> 
                $
l.75 \lambda
             & 396.847 & 866.214 & 854.209 & 393.366 & nm \\ \hline
? 
! Extra }, or forgotten $.
<template> \unskip \hfil }
                          \hskip \tabcolsep \hskip -.5\arrayrulewidth \vrule...
l.75 \lambda &
               396.847 & 866.214 & 854.209 & 393.366 & nm \\ \hline
? 
! Missing $ inserted.
<inserted text> 
                $
l.75 \lambda &
               396.847 & 866.214 & 854.209 & 393.366 & nm \\ \hline
? 
! Missing } inserted.
<inserted text> 
                }
l.75 \lambda &
               396.847 & 866.214 & 854.209 & 393.366 & nm \\ \hline
? 
! Missing $ inserted.
<inserted text> 
                $
l.76 \tau
          & 7.7 & 94.3 & 101 & 7.4  & ns \\
? 
! Extra }, or forgotten $.
<template> \unskip \hfil }
                          \hskip \tabcolsep \hskip -.5\arrayrulewidth \vrule...
l.76 \tau &
            7.7 & 94.3 & 101 & 7.4  & ns \\
? 
! Missing $ inserted.
<inserted text> 
                $
l.76 \tau &
            7.7 & 94.3 & 101 & 7.4  & ns \\
? 
! Missing } inserted.
<inserted text> 
                }
l.76 \tau &
            7.7 & 94.3 & 101 & 7.4  & ns \\
? 
! Missing $ inserted.
<inserted text> 
                $
l.88 \lambda
             & 729.147 & nm \\ \hline
? 
! Extra }, or forgotten $.
<template> \unskip \hfil }
                          \hskip \tabcolsep \hskip -.5\arrayrulewidth \vrule...
l.88 \lambda &
               729.147 & nm \\ \hline
? 
! Missing $ inserted.
<inserted text> 
                $
l.88 \lambda &
               729.147 & nm \\ \hline
? 
! Missing } inserted.
<inserted text> 
                }
l.88 \lambda &
               729.147 & nm \\ \hline
? 
! Missing $ inserted.
<inserted text> 
                $
l.89 \tau
          & 1.045 & s \\
? 
! Extra }, or forgotten $.
<template> \unskip \hfil }
                          \hskip \tabcolsep \hskip -.5\arrayrulewidth \vrule...
l.89 \tau &
            1.045 & s \\
? 
! Missing $ inserted.
<inserted text> 
                $
l.89 \tau &
            1.045 & s \\
? 
! Missing } inserted.
<inserted text> 
                }
l.89 \tau &
            1.045 & s \\
? 
[10 <C:/Users/tdelaubenf3/Documents/[ thesis ]/[ versions ]/07-13/figures/2/Fig
_CaSpec.pdf>]
<figures/2/Fig_ZeemanSplits.pdf, id=678, 424.94762pt x 180.675pt>
File: figures/2/Fig_ZeemanSplits.pdf Graphic file (type pdf)

<use figures/2/Fig_ZeemanSplits.pdf>
Package pdftex.def Info: figures/2/Fig_ZeemanSplits.pdf used on input line 118.

(pdftex.def)             Requested size: 424.94656pt x 180.67455pt.
 [11 <C:/Users/tdelaubenf3/Documents/[ thesis ]/[ versions ]/07-13/figures/2/Fi
g_ZeemanSplits.pdf>]
! Extra }, or forgotten $.
l.127 ...ach transition ($g_J = 2\text{,} \ (6/5)}
                                                  $ for $S_{1/2}$ and $D_{5/...

? 
[12] [13] <figures/2/Fig_729spec.pdf, id=736, 414.82977pt x 202.35599pt>
File: figures/2/Fig_729spec.pdf Graphic file (type pdf)

<use figures/2/Fig_729spec.pdf>
Package pdftex.def Info: figures/2/Fig_729spec.pdf used on input line 186.
(pdftex.def)             Requested size: 414.82875pt x 202.35548pt.
 [14 <C:/Users/tdelaubenf3/Documents/[ thesis ]/[ versions ]/07-13/figures/2/Fi
g_729spec.pdf>] [15]
! Misplaced alignment tab character &.
l.248 \Omega &
              =  \bigg| \frac{e E_0}{2 \hbar} \langle S_{1/2}, m_J | (\mathb...

? 
[16] <figures/2/Fig_Flopping.pdf, id=780, 414.82977pt x 299.92052pt>
File: figures/2/Fig_Flopping.pdf Graphic file (type pdf)

<use figures/2/Fig_Flopping.pdf>
Package pdftex.def Info: figures/2/Fig_Flopping.pdf used on input line 266.
(pdftex.def)             Requested size: 414.82875pt x 299.91977pt.

! Undefined control sequence.
<argument> ...egin {split} P_e (t) &= \mathlarger 
                                                  {\sum _{n=0}^{\infty }} \ ...
l.283 \end{split}
                 
? 
! Undefined control sequence.
<argument> ...) \ P_{e,n+m} (t) \\ &= \mathlarger 
                                                  {\sum _{n=0}^{\infty }} P_...
l.283 \end{split}
                 
? 
! Undefined control sequence.
<argument> ...egin {split} P_e (t) &= \mathlarger 
                                                  {\sum _{n=0}^{\infty }} \ ...
l.283 \end{split}
                 
? 
! Undefined control sequence.
<argument> ...) \ P_{e,n+m} (t) \\ &= \mathlarger 
                                                  {\sum _{n=0}^{\infty }} P_...
l.283 \end{split}
                 
? 
[17] [18 <C:/Users/tdelaubenf3/Documents/[ thesis ]/[ versions ]/07-13/figures/
2/Fig_Flopping.pdf>] [19] [20] [21]
<figures/2/Fig_histograms.pdf, id=873, 202.92506pt x 166.79005pt>
File: figures/2/Fig_histograms.pdf Graphic file (type pdf)

<use figures/2/Fig_histograms.pdf>
Package pdftex.def Info: figures/2/Fig_histograms.pdf used on input line 366.
(pdftex.def)             Requested size: 202.92456pt x 166.78964pt.

Overfull \hbox (10.31853pt too wide) in paragraph at lines 371--372
\OT1/ptm/m/n/12 During Doppler cool-ing, the spon-ta-neous de-cay of the $\OML/
cmm/m/it/12 P[]$ \OT1/ptm/m/n/12 state will pop-u-late the $\OMS/cmsy/m/n/12 j\
OML/cmm/m/it/12 S[]; m[] \OT1/cmr/m/n/12 =$
 []

[22] [23 <C:/Users/tdelaubenf3/Documents/[ thesis ]/[ versions ]/07-13/figures/
2/Fig_histograms.pdf>])
("C:\Users\tdelaubenf3\Documents\[ thesis ]\[ versions ]\07-13\chapter3.tex"
[24]
Chapter 3.
<figures/3/Fig_genIItrapR.pdf, id=910, 419.73763pt x 263.3568pt>
File: figures/3/Fig_genIItrapR.pdf Graphic file (type pdf)

<use figures/3/Fig_genIItrapR.pdf>
Package pdftex.def Info: figures/3/Fig_genIItrapR.pdf used on input line 9.
(pdftex.def)             Requested size: 419.7366pt x 263.35614pt.
 [25

]
<figures/3/Fig_HeatingRate.pdf, id=924, 275.19505pt x 197.14346pt>
File: figures/3/Fig_HeatingRate.pdf Graphic file (type pdf)

<use figures/3/Fig_HeatingRate.pdf>
Package pdftex.def Info: figures/3/Fig_HeatingRate.pdf used on input line 22.
(pdftex.def)             Requested size: 275.19438pt x 197.14296pt.
 [26 <C:/Users/tdelaubenf3/Documents/[ thesis ]/[ versions ]/07-13/figures/3/Fi
g_genIItrapR.pdf>]
<figures/3/Fig_CameraConfigR.pdf, id=948, 411.6954pt x 239.54663pt>
File: figures/3/Fig_CameraConfigR.pdf Graphic file (type pdf)

<use figures/3/Fig_CameraConfigR.pdf>
Package pdftex.def Info: figures/3/Fig_CameraConfigR.pdf used on input line 35.

(pdftex.def)             Requested size: 411.6944pt x 239.54604pt.
 [27 <C:/Users/tdelaubenf3/Documents/[ thesis ]/[ versions ]/07-13/figures/3/Fi
g_HeatingRate.pdf>]
<figures/3/Fig_lasers5.pdf, id=980, 401.66756pt x 333.01106pt>
File: figures/3/Fig_lasers5.pdf Graphic file (type pdf)

<use figures/3/Fig_lasers5.pdf>
Package pdftex.def Info: figures/3/Fig_lasers5.pdf used on input line 59.
(pdftex.def)             Requested size: 401.66656pt x 333.01024pt.
 [28 <C:/Users/tdelaubenf3/Documents/[ thesis ]/[ versions ]/07-13/figures/3/Fi
g_CameraConfigR.pdf>] [29])
("C:\Users\tdelaubenf3\Documents\[ thesis ]\[ versions ]\07-13\chapter4.tex"
[30] [31 <C:/Users/tdelaubenf3/Documents/[ thesis ]/[ versions ]/07-13/figures/
3/Fig_lasers5.pdf>]
Chapter 4.
<figures/4/Fig_SWgeometry2.pdf, id=1109, 231.264pt x 173.448pt>
File: figures/4/Fig_SWgeometry2.pdf Graphic file (type pdf)

<use figures/4/Fig_SWgeometry2.pdf>
Package pdftex.def Info: figures/4/Fig_SWgeometry2.pdf used on input line 9.
(pdftex.def)             Requested size: 231.26343pt x 173.44757pt.
 [32

]
! Undefined control sequence.
l.43 ...on picture $\hat{H}_I = \hat{U}_0^{\Dagger
                                                  } \hat{H} \hat{U}_0$ as be...

? 
[33 <C:/Users/tdelaubenf3/Documents/[ thesis ]/[ versions ]/07-13/figures/4/Fig
_SWgeometry2.pdf>] [34]
<figures/4/Fig_SWlaserConfigR.pdf, id=1178, 412.38815pt x 180.06255pt>
File: figures/4/Fig_SWlaserConfigR.pdf Graphic file (type pdf)

<use figures/4/Fig_SWlaserConfigR.pdf>
Package pdftex.def Info: figures/4/Fig_SWlaserConfigR.pdf used on input line 93
.
(pdftex.def)             Requested size: 412.38713pt x 180.06209pt.
 [35] [36 <C:/Users/tdelaubenf3/Documents/[ thesis ]/[ versions ]/07-13/figures
/4/Fig_SWlaserConfigR.pdf>]
<figures/4/Fig_Quadrupole.pdf, id=1209, 260.74106pt x 239.06006pt>
File: figures/4/Fig_Quadrupole.pdf Graphic file (type pdf)

<use figures/4/Fig_Quadrupole.pdf>
Package pdftex.def Info: figures/4/Fig_Quadrupole.pdf used on input line 114.
(pdftex.def)             Requested size: 260.74042pt x 239.05946pt.

<figures/4/Fig_fringes3.pdf, id=1210, 430.57555pt x 166.79005pt>
File: figures/4/Fig_fringes3.pdf Graphic file (type pdf)

<use figures/4/Fig_fringes3.pdf>
Package pdftex.def Info: figures/4/Fig_fringes3.pdf used on input line 134.
(pdftex.def)             Requested size: 430.57448pt x 166.78964pt.
 [37 <C:/Users/tdelaubenf3/Documents/[ thesis ]/[ versions ]/07-13/figures/4/Fi
g_Quadrupole.pdf>]
<figures/4/Fig_powerdb.pdf, id=1244, 434.18906pt x 116.20105pt>
File: figures/4/Fig_powerdb.pdf Graphic file (type pdf)

<use figures/4/Fig_powerdb.pdf>
Package pdftex.def Info: figures/4/Fig_powerdb.pdf used on input line 147.
(pdftex.def)             Requested size: 434.18799pt x 116.20074pt.

Overfull \hbox (0.56798pt too wide) in paragraph at lines 147--148
 [] 
 []

[38 <C:/Users/tdelaubenf3/Documents/[ thesis ]/[ versions ]/07-13/figures/4/Fig
_fringes3.pdf>]
! Undefined control sequence.
l.160 P_e(t) = \mathlarger
                          {\sum_{n=0}^{\infty}} P_n (\bar{n}) \sin^2 \bigg[ ...

? 
[39 <C:/Users/tdelaubenf3/Documents/[ thesis ]/[ versions ]/07-13/figures/4/Fig
_powerdb.pdf>] <figures/4/Fig_PPfit.pdf, id=1274, 296.87607pt x 181.24405pt>
File: figures/4/Fig_PPfit.pdf Graphic file (type pdf)

<use figures/4/Fig_PPfit.pdf>
Package pdftex.def Info: figures/4/Fig_PPfit.pdf used on input line 180.
(pdftex.def)             Requested size: 296.87534pt x 181.2436pt.
 [40]) [41 <C:/Users/tdelaubenf3/Documents/[ thesis ]/[ versions ]/07-13/figure
s/4/Fig_PPfit.pdf>]
("C:\Users\tdelaubenf3\Documents\[ thesis ]\[ versions ]\07-13\chapter5.tex"
[42]
Chapter 5.
[43

] <figures/5/Fig_powerlaw.pdf, id=1320, 244.11896pt x 195.69806pt>
File: figures/5/Fig_powerlaw.pdf Graphic file (type pdf)

<use figures/5/Fig_powerlaw.pdf>
Package pdftex.def Info: figures/5/Fig_powerlaw.pdf used on input line 39.
(pdftex.def)             Requested size: 244.11835pt x 195.69756pt.
 [44] [45 <C:/Users/tdelaubenf3/Documents/[ thesis ]/[ versions ]/07-13/figures
/5/Fig_powerlaw.pdf>]
<figures/5/Fig_BlochRamsey.pdf, id=1358, 426.96207pt x 376.37305pt>
File: figures/5/Fig_BlochRamsey.pdf Graphic file (type pdf)

<use figures/5/Fig_BlochRamsey.pdf>
Package pdftex.def Info: figures/5/Fig_BlochRamsey.pdf used on input line 71.
(pdftex.def)             Requested size: 426.96101pt x 376.37212pt.
 [46] [47 <C:/Users/tdelaubenf3/Documents/[ thesis ]/[ versions ]/07-13/figures
/5/Fig_BlochRamsey.pdf>]
<figures/5/Fig_RamseyEx.pdf, id=1501, 429.13014pt x 264.35457pt>
File: figures/5/Fig_RamseyEx.pdf Graphic file (type pdf)

<use figures/5/Fig_RamseyEx.pdf>
Package pdftex.def Info: figures/5/Fig_RamseyEx.pdf used on input line 85.
(pdftex.def)             Requested size: 429.12909pt x 264.35391pt.
 [48 <C:/Users/tdelaubenf3/Documents/[ thesis ]/[ versions ]/07-13/figures/5/Fi
g_RamseyEx.pdf>]
<figures/5/Fig_multiensembles.pdf, id=1529, 412.50804pt x 231.83305pt>
File: figures/5/Fig_multiensembles.pdf Graphic file (type pdf)

<use figures/5/Fig_multiensembles.pdf>
Package pdftex.def Info: figures/5/Fig_multiensembles.pdf used on input line 10
9.
(pdftex.def)             Requested size: 412.50702pt x 231.83247pt.
 [49] [50 <C:/Users/tdelaubenf3/Documents/[ thesis ]/[ versions ]/07-13/figures
/5/Fig_multiensembles.pdf>]
<figures/5/Fig_quadrature.pdf, id=1576, 423.34856pt x 130.65506pt>
File: figures/5/Fig_quadrature.pdf Graphic file (type pdf)

<use figures/5/Fig_quadrature.pdf>
Package pdftex.def Info: figures/5/Fig_quadrature.pdf used on input line 132.
(pdftex.def)             Requested size: 423.34752pt x 130.65472pt.
 [51 <C:/Users/tdelaubenf3/Documents/[ thesis ]/[ versions ]/07-13/figures/5/Fi
g_quadrature.pdf>]

Package hyperref Warning: Token not allowed in a PDF string (PDFDocEncoding):
(hyperref)                removing `math shift' on input line 157.


Package hyperref Warning: Token not allowed in a PDF string (PDFDocEncoding):
(hyperref)                removing `superscript' on input line 157.


Package hyperref Warning: Token not allowed in a PDF string (PDFDocEncoding):
(hyperref)                removing `math shift' on input line 157.


Package hyperref Warning: Token not allowed in a PDF string (PDFDocEncoding):
(hyperref)                removing `math shift' on input line 157.


Package hyperref Warning: Token not allowed in a PDF string (PDFDocEncoding):
(hyperref)                removing `superscript' on input line 157.


Package hyperref Warning: Token not allowed in a PDF string (PDFDocEncoding):
(hyperref)                removing `math shift' on input line 157.

[52] [53] <figures/5/Fig_ClockScheme2.pdf, id=1658, 398.05405pt x 506.45905pt>
File: figures/5/Fig_ClockScheme2.pdf Graphic file (type pdf)

<use figures/5/Fig_ClockScheme2.pdf>
Package pdftex.def Info: figures/5/Fig_ClockScheme2.pdf used on input line 178.

(pdftex.def)             Requested size: 398.05307pt x 506.45781pt.


LaTeX Warning: Float too large for page by 26.6257pt on input line 181.

! Missing $ inserted.
<inserted text> 
                $
l.183 ...e measurements could be realized in our ^
                                                  {40}$Ca$^+$ system. This s...

? 
[54] [55 <C:/Users/tdelaubenf3/Documents/[ thesis ]/[ versions ]/07-13/figures/
5/Fig_ClockScheme2.pdf>]
<figures/5/Fig_CoherenceTime2.pdf, id=1923, 429.13014pt x 264.35457pt>
File: figures/5/Fig_CoherenceTime2.pdf Graphic file (type pdf)

<use figures/5/Fig_CoherenceTime2.pdf>
Package pdftex.def Info: figures/5/Fig_CoherenceTime2.pdf used on input line 21
2.
(pdftex.def)             Requested size: 429.12909pt x 264.35391pt.
 [56] [57 <C:/Users/tdelaubenf3/Documents/[ thesis ]/[ versions ]/07-13/figures
/5/Fig_CoherenceTime2.pdf>]
<figures/5/Fig_PopDecay.pdf, id=1962, 419.73506pt x 174.01707pt>
File: figures/5/Fig_PopDecay.pdf Graphic file (type pdf)

<use figures/5/Fig_PopDecay.pdf>
Package pdftex.def Info: figures/5/Fig_PopDecay.pdf used on input line 225.
(pdftex.def)             Requested size: 419.73402pt x 174.01663pt.
 [58 <C:/Users/tdelaubenf3/Documents/[ thesis ]/[ versions ]/07-13/figures/5/Fi
g_PopDecay.pdf>] [59]
<figures/5/Fig_sdpsims.pdf, id=1990, 429.13014pt x 282.42207pt>
File: figures/5/Fig_sdpsims.pdf Graphic file (type pdf)

<use figures/5/Fig_sdpsims.pdf>
Package pdftex.def Info: figures/5/Fig_sdpsims.pdf used on input line 251.
(pdftex.def)             Requested size: 429.12909pt x 282.42137pt.
 [60 <C:/Users/tdelaubenf3/Documents/[ thesis ]/[ versions ]/07-13/figures/5/Fi
g_sdpsims.pdf>]
<figures/5/Fig_sdp.pdf, id=2023, 419.73506pt x 210.15207pt>
File: figures/5/Fig_sdp.pdf Graphic file (type pdf)

<use figures/5/Fig_sdp.pdf>
Package pdftex.def Info: figures/5/Fig_sdp.pdf used on input line 262.
(pdftex.def)             Requested size: 419.73402pt x 210.15154pt.
 [61] [62 <C:/Users/tdelaubenf3/Documents/[ thesis ]/[ versions ]/07-13/figures
/5/Fig_sdp.pdf>])
("C:\Users\tdelaubenf3\Documents\[ thesis ]\[ versions ]\07-13\chapter6.tex"
[63]
Chapter 6.
[64

] [65] [66]) [67]
LaTeX Font Info:    Try loading font information for OT1+pcr on input line 241.

 ("C:\Program Files\MiKTeX 2.9\tex\latex\psnfss\ot1pcr.fd"
File: ot1pcr.fd 2001/06/04 font definitions for OT1/pcr.
)
Overfull \hbox (1.32161pt too wide) in paragraph at lines 241--241
$\OT1/pcr/m/n/12 / / rsta . royalsocietypublishing . org / content / 361 / 1809
 / 1655 .$
 []

[68

]
! Extra }, or forgotten $.
<recently read> }
                 
l.241 	\printbibliography[title={References}]
                                             
? 
! Missing } inserted.
<inserted text> 
                }
l.241 	\printbibliography[title={References}]
                                             
? 
[69]
! Illegal parameter number in definition of \abx@field@abstract.
<to be read again> 
                   I
l.241 	\printbibliography[title={References}]
                                             
? 
! Illegal parameter number in definition of \abx@field@abstract.
<to be read again> 
                    
l.241 	\printbibliography[title={References}]
                                             
? 
Missing character: There is no  in font ptmr7t!
Missing character: There is no  in font ptmr7t!
[70]
Missing character: There is no  in font ptmr7t!
Missing character: There is no  in font ptmr7t!
Missing character: There is no  in font ptmr7t!
Missing character: There is no  in font ptmr7t!
 [71]
Missing character: There is no  in font ptmr7t!
Missing character: There is no  in font ptmr7t!
Missing character: There is no  in font ptmr7t!
Missing character: There is no  in font ptmr7t!
Missing character: There is no  in font ptmr7t!
Missing character: There is no  in font ptmr7t!
 [72]
Overfull \hbox (44.05573pt too wide) in paragraph at lines 241--241
[]\OT1/ptm/m/n/12 T. Rosen-band, ``Nu-mer-i-cal test of few-qubit clock pro-to-
cols,'' \OT1/ptm/m/it/12 arXiv preprint arXiv:1203.0288\OT1/ptm/m/n/12 ,
 []

[73]
! Misplaced alignment tab character &.
<argument> Chaos, Solitons &
                             Fractals
l.241 	\printbibliography[title={References}]
                                             
? 
[74]
! Extra }, or forgotten $.
\MakeLowercase  ... {\lowercase {#1}}\reserved@a }
                                                  
l.241 	\printbibliography[title={References}]
                                             
? 
! Missing } inserted.
<inserted text> 
                }
l.241 	\printbibliography[title={References}]
                                             
? 
Package atveryend Info: Empty hook `BeforeClearDocument' on input line 254.
[75]
Package atveryend Info: Empty hook `AfterLastShipout' on input line 254.
 ("C:\Users\tdelaubenf3\Documents\[ thesis ]\[ versions ]\07-13\thesis.aux")
Package atveryend Info: Executing hook `AtVeryEndDocument' on input line 254.
Package atveryend Info: Executing hook `AtEndAfterFileList' on input line 254.
Package rerunfilecheck Info: File `thesis.out' has not changed.
(rerunfilecheck)             Checksum: 9CBA2121A71F10F7AE939CB6EDA5454E;4074.
Package logreq Info: Writing requests to 'thesis.run.xml'.
 )
(\end occurred inside a group at level 1)

### semi simple group (level 1) entered at line 62 (\begingroup)
### bottom level
(\end occurred when \ifnum on line 241 was incomplete) 
Here is how much of TeX's memory you used:
 14559 strings out of 493921
 243058 string characters out of 3147264
 601851 words of memory out of 3000000
 17269 multiletter control sequences out of 15000+200000
 28233 words of font info for 79 fonts, out of 3000000 for 9000
 841 hyphenation exceptions out of 8191
 42i,19n,45p,2821b,2058s stack positions out of 5000i,500n,10000p,200000b,50000s
pdfTeX warning (dest): na
me{cite.0@McFerran:12} has been referenced but does not exist, replaced by a fi
xed one

{C:/Program Files/MiKTeX 2.9/fonts/enc/dvips/fontname/8r.enc}<C:/Program Files/
MiKTeX 2.9/fonts/type1/public/amsfonts/cm/cmbx12.pfb><C:/Program Files/MiKTeX 2
.9/fonts/type1/public/amsfonts/cm/cmbx6.pfb><C:/Program Files/MiKTeX 2.9/fonts/
type1/public/amsfonts/cm/cmbx8.pfb><C:/Program Files/MiKTeX 2.9/fonts/type1/pub
lic/amsfonts/cm/cmex10.pfb><C:/Program Files/MiKTeX 2.9/fonts/type1/public/amsf
onts/cm/cmmi10.pfb><C:/Program Files/MiKTeX 2.9/fonts/type1/public/amsfonts/cm/
cmmi12.pfb><C:/Program Files/MiKTeX 2.9/fonts/type1/public/amsfonts/cm/cmmi6.pf
b><C:/Program Files/MiKTeX 2.9/fonts/type1/public/amsfonts/cm/cmmi7.pfb><C:/Pro
gram Files/MiKTeX 2.9/fonts/type1/public/amsfonts/cm/cmmi8.pfb><C:/Program File
s/MiKTeX 2.9/fonts/type1/public/amsfonts/cm/cmr10.pfb><C:/Program Files/MiKTeX 
2.9/fonts/type1/public/amsfonts/cm/cmr12.pfb><C:/Program Files/MiKTeX 2.9/fonts
/type1/public/amsfonts/cm/cmr6.pfb><C:/Program Files/MiKTeX 2.9/fonts/type1/pub
lic/amsfonts/cm/cmr8.pfb><C:/Program Files/MiKTeX 2.9/fonts/type1/public/amsfon
ts/cm/cmss12.pfb><C:/Program Files/MiKTeX 2.9/fonts/type1/public/amsfonts/cm/cm
sy10.pfb><C:/Program Files/MiKTeX 2.9/fonts/type1/public/amsfonts/cm/cmsy6.pfb>
<C:/Program Files/MiKTeX 2.9/fonts/type1/public/amsfonts/cm/cmsy8.pfb><C:/Progr
am Files/MiKTeX 2.9/fonts/type1/public/amsfonts/symbols/msam10.pfb><C:/Program 
Files/MiKTeX 2.9/fonts/type1/public/amsfonts/symbols/msbm10.pfb><C:/Program Fil
es/MiKTeX 2.9/fonts/type1/urw/courier/ucrr8a.pfb><C:/Program Files/MiKTeX 2.9/f
onts/type1/urw/times/utmb8a.pfb><C:/Program Files/MiKTeX 2.9/fonts/type1/urw/ti
mes/utmr8a.pfb><C:/Program Files/MiKTeX 2.9/fonts/type1/urw/times/utmri8a.pfb>
Output written on thesis.pdf (86 pages, 3913994 bytes).
PDF statistics:
 2275 PDF objects out of 2487 (max. 8388607)
 314 named destinations out of 1000 (max. 500000)
 542 words of extra memory for PDF output out of 10000 (max. 10000000)

